<?xml version="1.0" encoding="UTF-8"?>
<testng-results ignored="0" total="4" passed="4" failed="0" skipped="0">
  <reporter-output>
  </reporter-output>
  <suite started-at="2024-03-02T06:11:49Z" name="TestNG Learning" finished-at="2024-03-02T06:12:06Z" duration-ms="16661">
    <groups>
    </groups>
    <test started-at="2024-03-02T06:11:49Z" name="Bank Manager Login Test" finished-at="2024-03-02T06:11:51Z" duration-ms="2036">
      <class name="testcases.BankManagerLoginTest">
        <test-method signature="bankManagerLoginTest()[pri:0, instance:testcases.BankManagerLoginTest@3dd1dc90]" started-at="2024-03-02T06:11:49Z" name="bankManagerLoginTest" finished-at="2024-03-02T06:11:51Z" duration-ms="1758" status="PASS">
          <reporter-output>
          </reporter-output>
        </test-method> <!-- bankManagerLoginTest -->
      </class> <!-- testcases.BankManagerLoginTest -->
    </test> <!-- Bank Manager Login Test -->
    <test started-at="2024-03-02T06:11:54Z" name="Add Customer Test" finished-at="2024-03-02T06:12:06Z" duration-ms="12231">
      <class name="testcases.AddCustomerTest">
        <test-method is-config="true" signature="setUp()[pri:0, instance:testcases.AddCustomerTest@565b064f]" started-at="2024-03-02T06:10:45Z" name="setUp" finished-at="2024-03-02T06:11:49Z" duration-ms="64511" status="PASS">
          <reporter-output>
          </reporter-output>
        </test-method> <!-- setUp -->
        <test-method signature="addCustomer(java.lang.String, java.lang.String, java.lang.String)[pri:0, instance:testcases.AddCustomerTest@565b064f]" started-at="2024-03-02T06:11:54Z" name="addCustomer" data-provider="dp" finished-at="2024-03-02T06:11:59Z" duration-ms="5541" status="PASS">
          <params>
            <param index="0">
              <value>
                <![CDATA[Rahul]]>
              </value>
            </param>
            <param index="1">
              <value>
                <![CDATA[Arora]]>
              </value>
            </param>
            <param index="2">
              <value>
                <![CDATA[A324234]]>
              </value>
            </param>
          </params>
          <reporter-output>
          </reporter-output>
        </test-method> <!-- addCustomer -->
        <test-method signature="addCustomer(java.lang.String, java.lang.String, java.lang.String)[pri:0, instance:testcases.AddCustomerTest@565b064f]" started-at="2024-03-02T06:11:59Z" name="addCustomer" data-provider="dp" finished-at="2024-03-02T06:12:02Z" duration-ms="3209" status="PASS">
          <params>
            <param index="0">
              <value>
                <![CDATA[Cory]]>
              </value>
            </param>
            <param index="1">
              <value>
                <![CDATA[Paul]]>
              </value>
            </param>
            <param index="2">
              <value>
                <![CDATA[C324342]]>
              </value>
            </param>
          </params>
          <reporter-output>
          </reporter-output>
        </test-method> <!-- addCustomer -->
        <test-method signature="addCustomer(java.lang.String, java.lang.String, java.lang.String)[pri:0, instance:testcases.AddCustomerTest@565b064f]" started-at="2024-03-02T06:12:03Z" name="addCustomer" data-provider="dp" finished-at="2024-03-02T06:12:06Z" duration-ms="3314" status="PASS">
          <params>
            <param index="0">
              <value>
                <![CDATA[Carol]]>
              </value>
            </param>
            <param index="1">
              <value>
                <![CDATA[Criner]]>
              </value>
            </param>
            <param index="2">
              <value>
                <![CDATA[E234324]]>
              </value>
            </param>
          </params>
          <reporter-output>
          </reporter-output>
        </test-method> <!-- addCustomer -->
        <test-method is-config="true" signature="tearDown()[pri:0, instance:testcases.AddCustomerTest@565b064f]" started-at="2024-03-02T06:12:06Z" name="tearDown" finished-at="2024-03-02T06:12:07Z" duration-ms="1003" status="PASS">
          <reporter-output>
          </reporter-output>
        </test-method> <!-- tearDown -->
      </class> <!-- testcases.AddCustomerTest -->
    </test> <!-- Add Customer Test -->
  </suite> <!-- TestNG Learning -->
</testng-results>
