<?xml version="1.0" encoding="UTF-8"?>
<!-- Generated by org.testng.reporters.JUnitXMLReporter -->
<testsuite ignored="0" hostname="DESKTOP-8DTRV31" failures="0" tests="3" name="Add Customer Test" time="12.231" errors="0" timestamp="02 Mar 2024 06:12:06 GMT">
  <testcase classname="testcases.AddCustomerTest" name="addCustomer" time="5.541"/>
  <testcase classname="testcases.AddCustomerTest" name="addCustomer" time="3.209"/>
  <testcase classname="testcases.AddCustomerTest" name="addCustomer" time="3.314"/>
</testsuite> <!-- Add Customer Test -->
